*** Starting uWSGI 2.0.18 (64bit) on [Mon May 27 19:36:59 2019] ***
compiled with version: 4.8.5 20150623 (Red Hat 4.8.5-36) on 17 May 2019 13:32:26
os: Linux-3.10.0-957.5.1.el7.x86_64 #1 SMP Fri Feb 1 14:54:57 UTC 2019
nodename: iZ8vb2dqkcw1ozsgpx8piaZ
machine: x86_64
clock source: unix
pcre jit disabled
detected number of CPU cores: 1
current working directory: /home/django_blog
writing pidfile to /home/django_blog/uwsgi.pid
detected binary path: /usr/local/bin/uwsgi
uWSGI running as root, you can use --uid/--gid/--chroot options
*** WARNING: you are running uWSGI as root !!! (use the --uid flag) *** 
chdir() to /home/django_blog/
your processes number limit is 3882
your memory page size is 4096 bytes
detected max file descriptor number: 65535
lock engine: pthread robust mutexes
thunder lock: disabled (you can enable it with --thunder-lock)
uwsgi socket 0 bound to TCP address 127.0.0.1:8000 fd 3
uWSGI running as root, you can use --uid/--gid/--chroot options
*** WARNING: you are running uWSGI as root !!! (use the --uid flag) *** 
Python version: 3.5.1 (default, May 17 2019, 16:15:46)  [GCC 4.8.5 20150623 (Red Hat 4.8.5-36)]
*** Python threads support is disabled. You can enable it with --enable-threads ***
Python main interpreter initialized at 0x27b15b0
uWSGI running as root, you can use --uid/--gid/--chroot options
*** WARNING: you are running uWSGI as root !!! (use the --uid flag) *** 
your server socket listen backlog is limited to 100 connections
your mercy for graceful operations on workers is 60 seconds
mapped 145840 bytes (142 KB) for 1 cores
*** Operational MODE: single process ***
WSGI app 0 (mountpoint='') ready in 2 seconds on interpreter 0x27b15b0 pid: 3932 (default app)
mountpoint  already configured. skip.
uWSGI running as root, you can use --uid/--gid/--chroot options
*** WARNING: you are running uWSGI as root !!! (use the --uid flag) *** 
*** uWSGI is running in multiple interpreter mode ***
spawned uWSGI master process (pid: 3932)
spawned uWSGI worker 1 (pid: 3934, cores: 1)
Not Found: /
Not Found: /robots.txt
Not Found: /favicon.ico
SIGINT/SIGQUIT received...killing workers...
worker 1 buried after 1 seconds
goodbye to uWSGI.
*** Starting uWSGI 2.0.18 (64bit) on [Mon May 27 19:39:30 2019] ***
compiled with version: 4.8.5 20150623 (Red Hat 4.8.5-36) on 17 May 2019 13:32:26
os: Linux-3.10.0-957.5.1.el7.x86_64 #1 SMP Fri Feb 1 14:54:57 UTC 2019
nodename: iZ8vb2dqkcw1ozsgpx8piaZ
machine: x86_64
clock source: unix
pcre jit disabled
detected number of CPU cores: 1
current working directory: /home/django_blog
writing pidfile to /home/django_blog/uwsgi.pid
detected binary path: /usr/local/bin/uwsgi
uWSGI running as root, you can use --uid/--gid/--chroot options
*** WARNING: you are running uWSGI as root !!! (use the --uid flag) *** 
chdir() to /home/django_blog/
your processes number limit is 3882
your memory page size is 4096 bytes
detected max file descriptor number: 65535
lock engine: pthread robust mutexes
thunder lock: disabled (you can enable it with --thunder-lock)
uwsgi socket 0 bound to TCP address 127.0.0.1:8000 fd 3
uWSGI running as root, you can use --uid/--gid/--chroot options
*** WARNING: you are running uWSGI as root !!! (use the --uid flag) *** 
Python version: 3.5.1 (default, May 17 2019, 16:15:46)  [GCC 4.8.5 20150623 (Red Hat 4.8.5-36)]
*** Python threads support is disabled. You can enable it with --enable-threads ***
Python main interpreter initialized at 0xecb5c0
uWSGI running as root, you can use --uid/--gid/--chroot options
*** WARNING: you are running uWSGI as root !!! (use the --uid flag) *** 
your server socket listen backlog is limited to 100 connections
your mercy for graceful operations on workers is 60 seconds
mapped 145840 bytes (142 KB) for 1 cores
*** Operational MODE: single process ***
WSGI app 0 (mountpoint='') ready in 0 seconds on interpreter 0xecb5c0 pid: 3981 (default app)
mountpoint  already configured. skip.
uWSGI running as root, you can use --uid/--gid/--chroot options
*** WARNING: you are running uWSGI as root !!! (use the --uid flag) *** 
*** uWSGI is running in multiple interpreter mode ***
spawned uWSGI master process (pid: 3981)
spawned uWSGI worker 1 (pid: 3983, cores: 1)
[{'data': {'comment_create_time': datetime.datetime(2019, 1, 1, 0, 0, tzinfo=<UTC>), 'comment_id': 1, 'comment_reply__comment_user__userinfo_nickname': None, 'comment_content': 'aaaa', 'comment_user__userinfo_nickname': 'Matt', 'comment_reply': None, 'comment_article': 1, 'comment_user__userinfo_avatar': 'static/avatar/1.jpg'}, 'child': [{'data': {'comment_create_time': datetime.datetime(2019, 5, 23, 6, 35, 40, 737492, tzinfo=<UTC>), 'comment_id': 2, 'comment_reply__comment_user__userinfo_nickname': 'Matt', 'comment_content': '回复TEST', 'comment_user__userinfo_nickname': 'LALALA', 'comment_reply': 1, 'comment_article': 1, 'comment_user__userinfo_avatar': 'static/avatar/IMG_7667.JPG'}, 'child': [{'data': {'comment_create_time': datetime.datetime(2019, 1, 1, 0, 0, tzinfo=<UTC>), 'comment_id': 5, 'comment_reply__comment_user__userinfo_nickname': 'LALALA', 'comment_content': '让哥哥热狗热狗我的群威群胆', 'comment_user__userinfo_nickname': 'Matt', 'comment_reply': 2, 'comment_article': 1, 'comment_user__userinfo_avatar': 'static/avatar/1.jpg'}, 'child': []}]}]}, {'data': {'comment_create_time': datetime.datetime(2019, 1, 1, 0, 0, tzinfo=<UTC>), 'comment_id': 3, 'comment_reply__comment_user__userinfo_nickname': None, 'comment_content': '斑斑驳驳', 'comment_user__userinfo_nickname': 'Matt', 'comment_reply': None, 'comment_article': 1, 'comment_user__userinfo_avatar': 'static/avatar/1.jpg'}, 'child': []}, {'data': {'comment_create_time': datetime.datetime(2019, 1, 1, 0, 0, tzinfo=<UTC>), 'comment_id': 4, 'comment_reply__comment_user__userinfo_nickname': None, 'comment_content': '请问请问请问', 'comment_user__userinfo_nickname': 'Matt', 'comment_reply': None, 'comment_article': 1, 'comment_user__userinfo_avatar': 'static/avatar/1.jpg'}, 'child': []}]
Not Found: /
Not Found: /
Not Found: /
Not Found: /
Not Found: /
Not Found: /
Not Found: /
Not Found: /
Not Found: /
Not Found: /
Not Found: /
Not Found: /
Not Found: /
Not Found: /
Not Found: /
Not Found: /
Not Found: /
Not Found: /
Not Found: /
Not Found: /
Not Found: /
Not Found: /
Not Found: /
Not Found: /
Not Found: /
Not Found: /
Not Found: /
Not Found: /
Not Found: /
Not Found: /
Not Found: /
Not Found: /
Not Found: /
Not Found: /
[{'data': {'comment_create_time': datetime.datetime(2019, 1, 1, 0, 0, tzinfo=<UTC>), 'comment_id': 1, 'comment_reply__comment_user__userinfo_nickname': None, 'comment_content': 'aaaa', 'comment_user__userinfo_nickname': 'Matt', 'comment_reply': None, 'comment_article': 1, 'comment_user__userinfo_avatar': 'static/avatar/1.jpg'}, 'child': [{'data': {'comment_create_time': datetime.datetime(2019, 5, 23, 6, 35, 40, 737492, tzinfo=<UTC>), 'comment_id': 2, 'comment_reply__comment_user__userinfo_nickname': 'Matt', 'comment_content': '回复TEST', 'comment_user__userinfo_nickname': 'LALALA', 'comment_reply': 1, 'comment_article': 1, 'comment_user__userinfo_avatar': 'static/avatar/IMG_7667.JPG'}, 'child': [{'data': {'comment_create_time': datetime.datetime(2019, 1, 1, 0, 0, tzinfo=<UTC>), 'comment_id': 5, 'comment_reply__comment_user__userinfo_nickname': 'LALALA', 'comment_content': '让哥哥热狗热狗我的群威群胆', 'comment_user__userinfo_nickname': 'Matt', 'comment_reply': 2, 'comment_article': 1, 'comment_user__userinfo_avatar': 'static/avatar/1.jpg'}, 'child': []}]}]}, {'data': {'comment_create_time': datetime.datetime(2019, 1, 1, 0, 0, tzinfo=<UTC>), 'comment_id': 3, 'comment_reply__comment_user__userinfo_nickname': None, 'comment_content': '斑斑驳驳', 'comment_user__userinfo_nickname': 'Matt', 'comment_reply': None, 'comment_article': 1, 'comment_user__userinfo_avatar': 'static/avatar/1.jpg'}, 'child': []}, {'data': {'comment_create_time': datetime.datetime(2019, 1, 1, 0, 0, tzinfo=<UTC>), 'comment_id': 4, 'comment_reply__comment_user__userinfo_nickname': None, 'comment_content': '请问请问请问', 'comment_user__userinfo_nickname': 'Matt', 'comment_reply': None, 'comment_article': 1, 'comment_user__userinfo_avatar': 'static/avatar/1.jpg'}, 'child': []}]
[{'data': {'comment_create_time': datetime.datetime(2019, 1, 1, 0, 0, tzinfo=<UTC>), 'comment_id': 1, 'comment_reply__comment_user__userinfo_nickname': None, 'comment_content': 'aaaa', 'comment_user__userinfo_nickname': 'Matt', 'comment_reply': None, 'comment_article': 1, 'comment_user__userinfo_avatar': 'static/avatar/1.jpg'}, 'child': [{'data': {'comment_create_time': datetime.datetime(2019, 5, 23, 6, 35, 40, 737492, tzinfo=<UTC>), 'comment_id': 2, 'comment_reply__comment_user__userinfo_nickname': 'Matt', 'comment_content': '回复TEST', 'comment_user__userinfo_nickname': 'LALALA', 'comment_reply': 1, 'comment_article': 1, 'comment_user__userinfo_avatar': 'static/avatar/IMG_7667.JPG'}, 'child': [{'data': {'comment_create_time': datetime.datetime(2019, 1, 1, 0, 0, tzinfo=<UTC>), 'comment_id': 5, 'comment_reply__comment_user__userinfo_nickname': 'LALALA', 'comment_content': '让哥哥热狗热狗我的群威群胆', 'comment_user__userinfo_nickname': 'Matt', 'comment_reply': 2, 'comment_article': 1, 'comment_user__userinfo_avatar': 'static/avatar/1.jpg'}, 'child': []}]}]}, {'data': {'comment_create_time': datetime.datetime(2019, 1, 1, 0, 0, tzinfo=<UTC>), 'comment_id': 3, 'comment_reply__comment_user__userinfo_nickname': None, 'comment_content': '斑斑驳驳', 'comment_user__userinfo_nickname': 'Matt', 'comment_reply': None, 'comment_article': 1, 'comment_user__userinfo_avatar': 'static/avatar/1.jpg'}, 'child': []}, {'data': {'comment_create_time': datetime.datetime(2019, 1, 1, 0, 0, tzinfo=<UTC>), 'comment_id': 4, 'comment_reply__comment_user__userinfo_nickname': None, 'comment_content': '请问请问请问', 'comment_user__userinfo_nickname': 'Matt', 'comment_reply': None, 'comment_article': 1, 'comment_user__userinfo_avatar': 'static/avatar/1.jpg'}, 'child': []}]
[{'data': {'comment_create_time': datetime.datetime(2019, 1, 1, 0, 0, tzinfo=<UTC>), 'comment_id': 1, 'comment_reply__comment_user__userinfo_nickname': None, 'comment_content': 'aaaa', 'comment_user__userinfo_nickname': 'Matt', 'comment_reply': None, 'comment_article': 1, 'comment_user__userinfo_avatar': 'static/avatar/1.jpg'}, 'child': [{'data': {'comment_create_time': datetime.datetime(2019, 5, 23, 6, 35, 40, 737492, tzinfo=<UTC>), 'comment_id': 2, 'comment_reply__comment_user__userinfo_nickname': 'Matt', 'comment_content': '回复TEST', 'comment_user__userinfo_nickname': 'LALALA', 'comment_reply': 1, 'comment_article': 1, 'comment_user__userinfo_avatar': 'static/avatar/IMG_7667.JPG'}, 'child': [{'data': {'comment_create_time': datetime.datetime(2019, 1, 1, 0, 0, tzinfo=<UTC>), 'comment_id': 5, 'comment_reply__comment_user__userinfo_nickname': 'LALALA', 'comment_content': '让哥哥热狗热狗我的群威群胆', 'comment_user__userinfo_nickname': 'Matt', 'comment_reply': 2, 'comment_article': 1, 'comment_user__userinfo_avatar': 'static/avatar/1.jpg'}, 'child': []}]}]}, {'data': {'comment_create_time': datetime.datetime(2019, 1, 1, 0, 0, tzinfo=<UTC>), 'comment_id': 3, 'comment_reply__comment_user__userinfo_nickname': None, 'comment_content': '斑斑驳驳', 'comment_user__userinfo_nickname': 'Matt', 'comment_reply': None, 'comment_article': 1, 'comment_user__userinfo_avatar': 'static/avatar/1.jpg'}, 'child': []}, {'data': {'comment_create_time': datetime.datetime(2019, 1, 1, 0, 0, tzinfo=<UTC>), 'comment_id': 4, 'comment_reply__comment_user__userinfo_nickname': None, 'comment_content': '请问请问请问', 'comment_user__userinfo_nickname': 'Matt', 'comment_reply': None, 'comment_article': 1, 'comment_user__userinfo_avatar': 'static/avatar/1.jpg'}, 'child': []}]
[{'data': {'comment_create_time': datetime.datetime(2019, 1, 1, 0, 0, tzinfo=<UTC>), 'comment_id': 1, 'comment_reply__comment_user__userinfo_nickname': None, 'comment_content': 'aaaa', 'comment_user__userinfo_nickname': 'Matt', 'comment_reply': None, 'comment_article': 1, 'comment_user__userinfo_avatar': 'static/avatar/1.jpg'}, 'child': [{'data': {'comment_create_time': datetime.datetime(2019, 5, 23, 6, 35, 40, 737492, tzinfo=<UTC>), 'comment_id': 2, 'comment_reply__comment_user__userinfo_nickname': 'Matt', 'comment_content': '回复TEST', 'comment_user__userinfo_nickname': 'LALALA', 'comment_reply': 1, 'comment_article': 1, 'comment_user__userinfo_avatar': 'static/avatar/IMG_7667.JPG'}, 'child': [{'data': {'comment_create_time': datetime.datetime(2019, 1, 1, 0, 0, tzinfo=<UTC>), 'comment_id': 5, 'comment_reply__comment_user__userinfo_nickname': 'LALALA', 'comment_content': '让哥哥热狗热狗我的群威群胆', 'comment_user__userinfo_nickname': 'Matt', 'comment_reply': 2, 'comment_article': 1, 'comment_user__userinfo_avatar': 'static/avatar/1.jpg'}, 'child': []}]}]}, {'data': {'comment_create_time': datetime.datetime(2019, 1, 1, 0, 0, tzinfo=<UTC>), 'comment_id': 3, 'comment_reply__comment_user__userinfo_nickname': None, 'comment_content': '斑斑驳驳', 'comment_user__userinfo_nickname': 'Matt', 'comment_reply': None, 'comment_article': 1, 'comment_user__userinfo_avatar': 'static/avatar/1.jpg'}, 'child': []}, {'data': {'comment_create_time': datetime.datetime(2019, 1, 1, 0, 0, tzinfo=<UTC>), 'comment_id': 4, 'comment_reply__comment_user__userinfo_nickname': None, 'comment_content': '请问请问请问', 'comment_user__userinfo_nickname': 'Matt', 'comment_reply': None, 'comment_article': 1, 'comment_user__userinfo_avatar': 'static/avatar/1.jpg'}, 'child': []}]
[{'data': {'comment_create_time': datetime.datetime(2019, 1, 1, 0, 0, tzinfo=<UTC>), 'comment_id': 1, 'comment_reply__comment_user__userinfo_nickname': None, 'comment_content': 'aaaa', 'comment_user__userinfo_nickname': 'Matt', 'comment_reply': None, 'comment_article': 1, 'comment_user__userinfo_avatar': 'static/avatar/1.jpg'}, 'child': [{'data': {'comment_create_time': datetime.datetime(2019, 5, 23, 6, 35, 40, 737492, tzinfo=<UTC>), 'comment_id': 2, 'comment_reply__comment_user__userinfo_nickname': 'Matt', 'comment_content': '回复TEST', 'comment_user__userinfo_nickname': 'LALALA', 'comment_reply': 1, 'comment_article': 1, 'comment_user__userinfo_avatar': 'static/avatar/IMG_7667.JPG'}, 'child': [{'data': {'comment_create_time': datetime.datetime(2019, 1, 1, 0, 0, tzinfo=<UTC>), 'comment_id': 5, 'comment_reply__comment_user__userinfo_nickname': 'LALALA', 'comment_content': '让哥哥热狗热狗我的群威群胆', 'comment_user__userinfo_nickname': 'Matt', 'comment_reply': 2, 'comment_article': 1, 'comment_user__userinfo_avatar': 'static/avatar/1.jpg'}, 'child': []}]}]}, {'data': {'comment_create_time': datetime.datetime(2019, 1, 1, 0, 0, tzinfo=<UTC>), 'comment_id': 3, 'comment_reply__comment_user__userinfo_nickname': None, 'comment_content': '斑斑驳驳', 'comment_user__userinfo_nickname': 'Matt', 'comment_reply': None, 'comment_article': 1, 'comment_user__userinfo_avatar': 'static/avatar/1.jpg'}, 'child': []}, {'data': {'comment_create_time': datetime.datetime(2019, 1, 1, 0, 0, tzinfo=<UTC>), 'comment_id': 4, 'comment_reply__comment_user__userinfo_nickname': None, 'comment_content': '请问请问请问', 'comment_user__userinfo_nickname': 'Matt', 'comment_reply': None, 'comment_article': 1, 'comment_user__userinfo_avatar': 'static/avatar/1.jpg'}, 'child': []}]
SIGINT/SIGQUIT received...killing workers...
worker 1 buried after 1 seconds
goodbye to uWSGI.
*** Starting uWSGI 2.0.18 (64bit) on [Mon May 27 21:06:12 2019] ***
compiled with version: 4.8.5 20150623 (Red Hat 4.8.5-36) on 17 May 2019 13:32:26
os: Linux-3.10.0-957.5.1.el7.x86_64 #1 SMP Fri Feb 1 14:54:57 UTC 2019
nodename: iZ8vb2dqkcw1ozsgpx8piaZ
machine: x86_64
clock source: unix
pcre jit disabled
detected number of CPU cores: 1
current working directory: /home/django_blog
writing pidfile to /home/django_blog/uwsgi.pid
detected binary path: /usr/local/bin/uwsgi
uWSGI running as root, you can use --uid/--gid/--chroot options
*** WARNING: you are running uWSGI as root !!! (use the --uid flag) *** 
chdir() to /home/django_blog/
your processes number limit is 3882
your memory page size is 4096 bytes
detected max file descriptor number: 65535
lock engine: pthread robust mutexes
thunder lock: disabled (you can enable it with --thunder-lock)
uwsgi socket 0 bound to TCP address 127.0.0.1:8000 fd 3
uWSGI running as root, you can use --uid/--gid/--chroot options
*** WARNING: you are running uWSGI as root !!! (use the --uid flag) *** 
Python version: 3.5.1 (default, May 17 2019, 16:15:46)  [GCC 4.8.5 20150623 (Red Hat 4.8.5-36)]
*** Python threads support is disabled. You can enable it with --enable-threads ***
Python main interpreter initialized at 0x186e5b0
uWSGI running as root, you can use --uid/--gid/--chroot options
*** WARNING: you are running uWSGI as root !!! (use the --uid flag) *** 
your server socket listen backlog is limited to 100 connections
your mercy for graceful operations on workers is 60 seconds
mapped 145840 bytes (142 KB) for 1 cores
*** Operational MODE: single process ***
WSGI app 0 (mountpoint='') ready in 0 seconds on interpreter 0x186e5b0 pid: 4278 (default app)
mountpoint  already configured. skip.
uWSGI running as root, you can use --uid/--gid/--chroot options
*** WARNING: you are running uWSGI as root !!! (use the --uid flag) *** 
*** uWSGI is running in multiple interpreter mode ***
spawned uWSGI master process (pid: 4278)
spawned uWSGI worker 1 (pid: 4280, cores: 1)
Not Found: /
Not Found: /
Not Found: /
Not Found: /
Not Found: /
Not Found: /
Not Found: /
Not Found: /
Not Found: /
Not Found: /
SIGINT/SIGQUIT received...killing workers...
worker 1 buried after 1 seconds
goodbye to uWSGI.
*** Starting uWSGI 2.0.18 (64bit) on [Mon May 27 21:08:26 2019] ***
compiled with version: 4.8.5 20150623 (Red Hat 4.8.5-36) on 17 May 2019 13:32:26
os: Linux-3.10.0-957.5.1.el7.x86_64 #1 SMP Fri Feb 1 14:54:57 UTC 2019
nodename: iZ8vb2dqkcw1ozsgpx8piaZ
machine: x86_64
clock source: unix
pcre jit disabled
detected number of CPU cores: 1
current working directory: /home/django_blog
writing pidfile to /home/django_blog/uwsgi.pid
detected binary path: /usr/local/bin/uwsgi
uWSGI running as root, you can use --uid/--gid/--chroot options
*** WARNING: you are running uWSGI as root !!! (use the --uid flag) *** 
chdir() to /home/django_blog/
your processes number limit is 3882
your memory page size is 4096 bytes
detected max file descriptor number: 65535
lock engine: pthread robust mutexes
thunder lock: disabled (you can enable it with --thunder-lock)
uwsgi socket 0 bound to TCP address 127.0.0.1:8000 fd 3
uWSGI running as root, you can use --uid/--gid/--chroot options
*** WARNING: you are running uWSGI as root !!! (use the --uid flag) *** 
Python version: 3.5.1 (default, May 17 2019, 16:15:46)  [GCC 4.8.5 20150623 (Red Hat 4.8.5-36)]
*** Python threads support is disabled. You can enable it with --enable-threads ***
Python main interpreter initialized at 0x186c5b0
uWSGI running as root, you can use --uid/--gid/--chroot options
*** WARNING: you are running uWSGI as root !!! (use the --uid flag) *** 
your server socket listen backlog is limited to 100 connections
your mercy for graceful operations on workers is 60 seconds
mapped 145840 bytes (142 KB) for 1 cores
*** Operational MODE: single process ***
WSGI app 0 (mountpoint='') ready in 0 seconds on interpreter 0x186c5b0 pid: 4326 (default app)
mountpoint  already configured. skip.
uWSGI running as root, you can use --uid/--gid/--chroot options
*** WARNING: you are running uWSGI as root !!! (use the --uid flag) *** 
*** uWSGI is running in multiple interpreter mode ***
spawned uWSGI master process (pid: 4326)
spawned uWSGI worker 1 (pid: 4328, cores: 1)
SIGINT/SIGQUIT received...killing workers...
worker 1 buried after 1 seconds
goodbye to uWSGI.
*** Starting uWSGI 2.0.18 (64bit) on [Tue May 28 11:12:38 2019] ***
compiled with version: 4.8.5 20150623 (Red Hat 4.8.5-36) on 17 May 2019 13:32:26
os: Linux-3.10.0-957.5.1.el7.x86_64 #1 SMP Fri Feb 1 14:54:57 UTC 2019
nodename: iZ8vb2dqkcw1ozsgpx8piaZ
machine: x86_64
clock source: unix
pcre jit disabled
detected number of CPU cores: 1
current working directory: /home/django_blog
writing pidfile to /home/django_blog/uwsgi.pid
detected binary path: /usr/local/bin/uwsgi
uWSGI running as root, you can use --uid/--gid/--chroot options
*** WARNING: you are running uWSGI as root !!! (use the --uid flag) *** 
chdir() to /home/django_blog/
your processes number limit is 3882
your memory page size is 4096 bytes
detected max file descriptor number: 65535
lock engine: pthread robust mutexes
thunder lock: disabled (you can enable it with --thunder-lock)
uwsgi socket 0 bound to TCP address 127.0.0.1:8000 fd 3
uWSGI running as root, you can use --uid/--gid/--chroot options
*** WARNING: you are running uWSGI as root !!! (use the --uid flag) *** 
Python version: 3.5.1 (default, May 17 2019, 16:15:46)  [GCC 4.8.5 20150623 (Red Hat 4.8.5-36)]
*** Python threads support is disabled. You can enable it with --enable-threads ***
Python main interpreter initialized at 0x23e75b0
uWSGI running as root, you can use --uid/--gid/--chroot options
*** WARNING: you are running uWSGI as root !!! (use the --uid flag) *** 
your server socket listen backlog is limited to 100 connections
your mercy for graceful operations on workers is 60 seconds
mapped 145840 bytes (142 KB) for 1 cores
*** Operational MODE: single process ***
WSGI app 0 (mountpoint='') ready in 0 seconds on interpreter 0x23e75b0 pid: 5425 (default app)
mountpoint  already configured. skip.
uWSGI running as root, you can use --uid/--gid/--chroot options
*** WARNING: you are running uWSGI as root !!! (use the --uid flag) *** 
*** uWSGI is running in multiple interpreter mode ***
spawned uWSGI master process (pid: 5425)
spawned uWSGI worker 1 (pid: 5427, cores: 1)
SIGINT/SIGQUIT received...killing workers...
worker 1 buried after 1 seconds
goodbye to uWSGI.
*** Starting uWSGI 2.0.18 (64bit) on [Tue May 28 11:18:52 2019] ***
compiled with version: 4.8.5 20150623 (Red Hat 4.8.5-36) on 17 May 2019 13:32:26
os: Linux-3.10.0-957.5.1.el7.x86_64 #1 SMP Fri Feb 1 14:54:57 UTC 2019
nodename: iZ8vb2dqkcw1ozsgpx8piaZ
machine: x86_64
clock source: unix
pcre jit disabled
detected number of CPU cores: 1
current working directory: /home/django_blog
writing pidfile to /home/django_blog/uwsgi.pid
detected binary path: /usr/local/bin/uwsgi
uWSGI running as root, you can use --uid/--gid/--chroot options
*** WARNING: you are running uWSGI as root !!! (use the --uid flag) *** 
chdir() to /home/django_blog/
your processes number limit is 3882
your memory page size is 4096 bytes
detected max file descriptor number: 65535
lock engine: pthread robust mutexes
thunder lock: disabled (you can enable it with --thunder-lock)
uwsgi socket 0 bound to TCP address 127.0.0.1:8000 fd 3
uWSGI running as root, you can use --uid/--gid/--chroot options
*** WARNING: you are running uWSGI as root !!! (use the --uid flag) *** 
Python version: 3.5.1 (default, May 17 2019, 16:15:46)  [GCC 4.8.5 20150623 (Red Hat 4.8.5-36)]
*** Python threads support is disabled. You can enable it with --enable-threads ***
Python main interpreter initialized at 0x267c5c0
uWSGI running as root, you can use --uid/--gid/--chroot options
*** WARNING: you are running uWSGI as root !!! (use the --uid flag) *** 
your server socket listen backlog is limited to 100 connections
your mercy for graceful operations on workers is 60 seconds
mapped 145840 bytes (142 KB) for 1 cores
*** Operational MODE: single process ***
WSGI app 0 (mountpoint='') ready in 1 seconds on interpreter 0x267c5c0 pid: 5470 (default app)
mountpoint  already configured. skip.
uWSGI running as root, you can use --uid/--gid/--chroot options
*** WARNING: you are running uWSGI as root !!! (use the --uid flag) *** 
*** uWSGI is running in multiple interpreter mode ***
spawned uWSGI master process (pid: 5470)
spawned uWSGI worker 1 (pid: 5472, cores: 1)
SIGINT/SIGQUIT received...killing workers...
worker 1 buried after 1 seconds
goodbye to uWSGI.
*** Starting uWSGI 2.0.18 (64bit) on [Tue May 28 11:19:53 2019] ***
compiled with version: 4.8.5 20150623 (Red Hat 4.8.5-36) on 17 May 2019 13:32:26
os: Linux-3.10.0-957.5.1.el7.x86_64 #1 SMP Fri Feb 1 14:54:57 UTC 2019
nodename: iZ8vb2dqkcw1ozsgpx8piaZ
machine: x86_64
clock source: unix
pcre jit disabled
detected number of CPU cores: 1
current working directory: /home/django_blog
writing pidfile to /home/django_blog/uwsgi.pid
detected binary path: /usr/local/bin/uwsgi
uWSGI running as root, you can use --uid/--gid/--chroot options
*** WARNING: you are running uWSGI as root !!! (use the --uid flag) *** 
chdir() to /home/django_blog/
your processes number limit is 3882
your memory page size is 4096 bytes
detected max file descriptor number: 65535
lock engine: pthread robust mutexes
thunder lock: disabled (you can enable it with --thunder-lock)
uwsgi socket 0 bound to TCP address 127.0.0.1:8000 fd 3
uWSGI running as root, you can use --uid/--gid/--chroot options
*** WARNING: you are running uWSGI as root !!! (use the --uid flag) *** 
Python version: 3.5.1 (default, May 17 2019, 16:15:46)  [GCC 4.8.5 20150623 (Red Hat 4.8.5-36)]
*** Python threads support is disabled. You can enable it with --enable-threads ***
Python main interpreter initialized at 0xfda5c0
uWSGI running as root, you can use --uid/--gid/--chroot options
*** WARNING: you are running uWSGI as root !!! (use the --uid flag) *** 
your server socket listen backlog is limited to 100 connections
your mercy for graceful operations on workers is 60 seconds
mapped 145840 bytes (142 KB) for 1 cores
*** Operational MODE: single process ***
WSGI app 0 (mountpoint='') ready in 1 seconds on interpreter 0xfda5c0 pid: 5494 (default app)
mountpoint  already configured. skip.
uWSGI running as root, you can use --uid/--gid/--chroot options
*** WARNING: you are running uWSGI as root !!! (use the --uid flag) *** 
*** uWSGI is running in multiple interpreter mode ***
spawned uWSGI master process (pid: 5494)
spawned uWSGI worker 1 (pid: 5496, cores: 1)
Internal Server Error: /github/
Traceback (most recent call last):
  File "/usr/local/lib/python3.5/site-packages/django/core/handlers/exception.py", line 42, in inner
    response = get_response(request)
  File "/usr/local/lib/python3.5/site-packages/django/core/handlers/base.py", line 187, in _get_response
    response = self.process_exception_by_middleware(e, request)
  File "/usr/local/lib/python3.5/site-packages/django/core/handlers/base.py", line 185, in _get_response
    response = wrapped_callback(request, *callback_args, **callback_kwargs)
  File "./api/views.py", line 503, in github
    with open('test.txt', 'aw') as f:
ValueError: must have exactly one of create/read/write/append mode
SIGINT/SIGQUIT received...killing workers...
worker 1 buried after 1 seconds
goodbye to uWSGI.
*** Starting uWSGI 2.0.18 (64bit) on [Tue May 28 11:23:48 2019] ***
compiled with version: 4.8.5 20150623 (Red Hat 4.8.5-36) on 17 May 2019 13:32:26
os: Linux-3.10.0-957.5.1.el7.x86_64 #1 SMP Fri Feb 1 14:54:57 UTC 2019
nodename: iZ8vb2dqkcw1ozsgpx8piaZ
machine: x86_64
clock source: unix
pcre jit disabled
detected number of CPU cores: 1
current working directory: /home/django_blog
writing pidfile to /home/django_blog/uwsgi.pid
detected binary path: /usr/local/bin/uwsgi
uWSGI running as root, you can use --uid/--gid/--chroot options
*** WARNING: you are running uWSGI as root !!! (use the --uid flag) *** 
chdir() to /home/django_blog/
your processes number limit is 3882
your memory page size is 4096 bytes
detected max file descriptor number: 65535
lock engine: pthread robust mutexes
thunder lock: disabled (you can enable it with --thunder-lock)
uwsgi socket 0 bound to TCP address 127.0.0.1:8000 fd 3
uWSGI running as root, you can use --uid/--gid/--chroot options
*** WARNING: you are running uWSGI as root !!! (use the --uid flag) *** 
Python version: 3.5.1 (default, May 17 2019, 16:15:46)  [GCC 4.8.5 20150623 (Red Hat 4.8.5-36)]
*** Python threads support is disabled. You can enable it with --enable-threads ***
Python main interpreter initialized at 0x26395c0
uWSGI running as root, you can use --uid/--gid/--chroot options
*** WARNING: you are running uWSGI as root !!! (use the --uid flag) *** 
your server socket listen backlog is limited to 100 connections
your mercy for graceful operations on workers is 60 seconds
mapped 145840 bytes (142 KB) for 1 cores
*** Operational MODE: single process ***
WSGI app 0 (mountpoint='') ready in 0 seconds on interpreter 0x26395c0 pid: 5526 (default app)
mountpoint  already configured. skip.
uWSGI running as root, you can use --uid/--gid/--chroot options
*** WARNING: you are running uWSGI as root !!! (use the --uid flag) *** 
*** uWSGI is running in multiple interpreter mode ***
spawned uWSGI master process (pid: 5526)
spawned uWSGI worker 1 (pid: 5528, cores: 1)
Forbidden (CSRF cookie not set.): /github/
Forbidden (CSRF cookie not set.): /github/
Forbidden (CSRF cookie not set.): /github/
SIGINT/SIGQUIT received...killing workers...
worker 1 buried after 1 seconds
goodbye to uWSGI.
*** Starting uWSGI 2.0.18 (64bit) on [Tue May 28 11:43:37 2019] ***
compiled with version: 4.8.5 20150623 (Red Hat 4.8.5-36) on 17 May 2019 13:32:26
os: Linux-3.10.0-957.5.1.el7.x86_64 #1 SMP Fri Feb 1 14:54:57 UTC 2019
nodename: iZ8vb2dqkcw1ozsgpx8piaZ
machine: x86_64
clock source: unix
pcre jit disabled
detected number of CPU cores: 1
current working directory: /home/django_blog
writing pidfile to /home/django_blog/uwsgi.pid
detected binary path: /usr/local/bin/uwsgi
uWSGI running as root, you can use --uid/--gid/--chroot options
*** WARNING: you are running uWSGI as root !!! (use the --uid flag) *** 
chdir() to /home/django_blog/
your processes number limit is 3882
your memory page size is 4096 bytes
detected max file descriptor number: 65535
lock engine: pthread robust mutexes
thunder lock: disabled (you can enable it with --thunder-lock)
uwsgi socket 0 bound to TCP address 127.0.0.1:8000 fd 3
uWSGI running as root, you can use --uid/--gid/--chroot options
*** WARNING: you are running uWSGI as root !!! (use the --uid flag) *** 
Python version: 3.5.1 (default, May 17 2019, 16:15:46)  [GCC 4.8.5 20150623 (Red Hat 4.8.5-36)]
*** Python threads support is disabled. You can enable it with --enable-threads ***
Python main interpreter initialized at 0x202c5c0
uWSGI running as root, you can use --uid/--gid/--chroot options
*** WARNING: you are running uWSGI as root !!! (use the --uid flag) *** 
your server socket listen backlog is limited to 100 connections
your mercy for graceful operations on workers is 60 seconds
mapped 145840 bytes (142 KB) for 1 cores
*** Operational MODE: single process ***
WSGI app 0 (mountpoint='') ready in 0 seconds on interpreter 0x202c5c0 pid: 5586 (default app)
mountpoint  already configured. skip.
uWSGI running as root, you can use --uid/--gid/--chroot options
*** WARNING: you are running uWSGI as root !!! (use the --uid flag) *** 
*** uWSGI is running in multiple interpreter mode ***
spawned uWSGI master process (pid: 5586)
spawned uWSGI worker 1 (pid: 5588, cores: 1)
SIGINT/SIGQUIT received...killing workers...
worker 1 buried after 1 seconds
goodbye to uWSGI.
*** Starting uWSGI 2.0.18 (64bit) on [Tue May 28 11:51:38 2019] ***
compiled with version: 4.8.5 20150623 (Red Hat 4.8.5-36) on 17 May 2019 13:32:26
os: Linux-3.10.0-957.5.1.el7.x86_64 #1 SMP Fri Feb 1 14:54:57 UTC 2019
nodename: iZ8vb2dqkcw1ozsgpx8piaZ
machine: x86_64
clock source: unix
pcre jit disabled
detected number of CPU cores: 1
current working directory: /home/django_blog
writing pidfile to /home/django_blog/uwsgi.pid
detected binary path: /usr/local/bin/uwsgi
uWSGI running as root, you can use --uid/--gid/--chroot options
*** WARNING: you are running uWSGI as root !!! (use the --uid flag) *** 
chdir() to /home/django_blog/
your processes number limit is 3882
your memory page size is 4096 bytes
detected max file descriptor number: 65535
lock engine: pthread robust mutexes
thunder lock: disabled (you can enable it with --thunder-lock)
uwsgi socket 0 bound to TCP address 127.0.0.1:8000 fd 3
uWSGI running as root, you can use --uid/--gid/--chroot options
*** WARNING: you are running uWSGI as root !!! (use the --uid flag) *** 
Python version: 3.5.1 (default, May 17 2019, 16:15:46)  [GCC 4.8.5 20150623 (Red Hat 4.8.5-36)]
*** Python threads support is disabled. You can enable it with --enable-threads ***
Python main interpreter initialized at 0x254f5c0
uWSGI running as root, you can use --uid/--gid/--chroot options
*** WARNING: you are running uWSGI as root !!! (use the --uid flag) *** 
your server socket listen backlog is limited to 100 connections
your mercy for graceful operations on workers is 60 seconds
mapped 145840 bytes (142 KB) for 1 cores
*** Operational MODE: single process ***
WSGI app 0 (mountpoint='') ready in 1 seconds on interpreter 0x254f5c0 pid: 5621 (default app)
mountpoint  already configured. skip.
uWSGI running as root, you can use --uid/--gid/--chroot options
*** WARNING: you are running uWSGI as root !!! (use the --uid flag) *** 
*** uWSGI is running in multiple interpreter mode ***
spawned uWSGI master process (pid: 5621)
spawned uWSGI worker 1 (pid: 5623, cores: 1)
Internal Server Error: /github/
Traceback (most recent call last):
  File "/usr/local/lib/python3.5/site-packages/django/core/handlers/exception.py", line 42, in inner
    response = get_response(request)
  File "/usr/local/lib/python3.5/site-packages/django/core/handlers/base.py", line 187, in _get_response
    response = self.process_exception_by_middleware(e, request)
  File "/usr/local/lib/python3.5/site-packages/django/core/handlers/base.py", line 185, in _get_response
    response = wrapped_callback(request, *callback_args, **callback_kwargs)
  File "/usr/local/lib/python3.5/site-packages/django/views/decorators/csrf.py", line 58, in wrapped_view
    return view_func(*args, **kwargs)
  File "./api/views.py", line 501, in github
    signature = request.headers.get('X-Hub-Signature')
AttributeError: 'WSGIRequest' object has no attribute 'headers'
SIGINT/SIGQUIT received...killing workers...
worker 1 buried after 1 seconds
goodbye to uWSGI.
*** Starting uWSGI 2.0.18 (64bit) on [Tue May 28 12:02:44 2019] ***
compiled with version: 4.8.5 20150623 (Red Hat 4.8.5-36) on 17 May 2019 13:32:26
os: Linux-3.10.0-957.5.1.el7.x86_64 #1 SMP Fri Feb 1 14:54:57 UTC 2019
nodename: iZ8vb2dqkcw1ozsgpx8piaZ
machine: x86_64
clock source: unix
pcre jit disabled
detected number of CPU cores: 1
current working directory: /home/django_blog
writing pidfile to /home/django_blog/uwsgi.pid
detected binary path: /usr/local/bin/uwsgi
uWSGI running as root, you can use --uid/--gid/--chroot options
*** WARNING: you are running uWSGI as root !!! (use the --uid flag) *** 
chdir() to /home/django_blog/
your processes number limit is 3882
your memory page size is 4096 bytes
detected max file descriptor number: 65535
lock engine: pthread robust mutexes
thunder lock: disabled (you can enable it with --thunder-lock)
uwsgi socket 0 bound to TCP address 127.0.0.1:8000 fd 3
uWSGI running as root, you can use --uid/--gid/--chroot options
*** WARNING: you are running uWSGI as root !!! (use the --uid flag) *** 
Python version: 3.5.1 (default, May 17 2019, 16:15:46)  [GCC 4.8.5 20150623 (Red Hat 4.8.5-36)]
*** Python threads support is disabled. You can enable it with --enable-threads ***
Python main interpreter initialized at 0x2383570
uWSGI running as root, you can use --uid/--gid/--chroot options
*** WARNING: you are running uWSGI as root !!! (use the --uid flag) *** 
your server socket listen backlog is limited to 100 connections
your mercy for graceful operations on workers is 60 seconds
mapped 145840 bytes (142 KB) for 1 cores
*** Operational MODE: single process ***
WSGI app 0 (mountpoint='') ready in 0 seconds on interpreter 0x2383570 pid: 5691 (default app)
mountpoint  already configured. skip.
uWSGI running as root, you can use --uid/--gid/--chroot options
*** WARNING: you are running uWSGI as root !!! (use the --uid flag) *** 
*** uWSGI is running in multiple interpreter mode ***
spawned uWSGI master process (pid: 5691)
spawned uWSGI worker 1 (pid: 5693, cores: 1)
SIGINT/SIGQUIT received...killing workers...
*** Starting uWSGI 2.0.18 (64bit) on [Tue May 28 12:03:12 2019] ***
compiled with version: 4.8.5 20150623 (Red Hat 4.8.5-36) on 17 May 2019 13:32:26
os: Linux-3.10.0-957.5.1.el7.x86_64 #1 SMP Fri Feb 1 14:54:57 UTC 2019
nodename: iZ8vb2dqkcw1ozsgpx8piaZ
machine: x86_64
clock source: unix
pcre jit disabled
detected number of CPU cores: 1
current working directory: /home/django_blog
writing pidfile to /home/django_blog/uwsgi.pid
detected binary path: /usr/local/bin/uwsgi
uWSGI running as root, you can use --uid/--gid/--chroot options
*** WARNING: you are running uWSGI as root !!! (use the --uid flag) *** 
chdir() to /home/django_blog/
your processes number limit is 3882
your memory page size is 4096 bytes
detected max file descriptor number: 65535
lock engine: pthread robust mutexes
thunder lock: disabled (you can enable it with --thunder-lock)
probably another instance of uWSGI is running on the same address (127.0.0.1:8000).
bind(): Address already in use [core/socket.c line 769]
worker 1 buried after 1 seconds
goodbye to uWSGI.
*** Starting uWSGI 2.0.18 (64bit) on [Tue May 28 12:05:13 2019] ***
compiled with version: 4.8.5 20150623 (Red Hat 4.8.5-36) on 17 May 2019 13:32:26
os: Linux-3.10.0-957.5.1.el7.x86_64 #1 SMP Fri Feb 1 14:54:57 UTC 2019
nodename: iZ8vb2dqkcw1ozsgpx8piaZ
machine: x86_64
clock source: unix
pcre jit disabled
detected number of CPU cores: 1
current working directory: /home/django_blog
writing pidfile to /home/django_blog/uwsgi.pid
detected binary path: /usr/local/bin/uwsgi
uWSGI running as root, you can use --uid/--gid/--chroot options
*** WARNING: you are running uWSGI as root !!! (use the --uid flag) *** 
chdir() to /home/django_blog/
your processes number limit is 3882
your memory page size is 4096 bytes
detected max file descriptor number: 65535
lock engine: pthread robust mutexes
thunder lock: disabled (you can enable it with --thunder-lock)
uwsgi socket 0 bound to TCP address 127.0.0.1:8000 fd 3
uWSGI running as root, you can use --uid/--gid/--chroot options
*** WARNING: you are running uWSGI as root !!! (use the --uid flag) *** 
Python version: 3.5.1 (default, May 17 2019, 16:15:46)  [GCC 4.8.5 20150623 (Red Hat 4.8.5-36)]
*** Python threads support is disabled. You can enable it with --enable-threads ***
Python main interpreter initialized at 0xa57570
uWSGI running as root, you can use --uid/--gid/--chroot options
*** WARNING: you are running uWSGI as root !!! (use the --uid flag) *** 
your server socket listen backlog is limited to 100 connections
your mercy for graceful operations on workers is 60 seconds
mapped 145840 bytes (142 KB) for 1 cores
*** Operational MODE: single process ***
WSGI app 0 (mountpoint='') ready in 0 seconds on interpreter 0xa57570 pid: 5744 (default app)
mountpoint  already configured. skip.
uWSGI running as root, you can use --uid/--gid/--chroot options
*** WARNING: you are running uWSGI as root !!! (use the --uid flag) *** 
*** uWSGI is running in multiple interpreter mode ***
spawned uWSGI master process (pid: 5744)
spawned uWSGI worker 1 (pid: 5746, cores: 1)
Internal Server Error: /github/
Traceback (most recent call last):
  File "/usr/local/lib/python3.5/site-packages/django/core/handlers/exception.py", line 42, in inner
    response = get_response(request)
  File "/usr/local/lib/python3.5/site-packages/django/core/handlers/base.py", line 187, in _get_response
    response = self.process_exception_by_middleware(e, request)
  File "/usr/local/lib/python3.5/site-packages/django/core/handlers/base.py", line 185, in _get_response
    response = wrapped_callback(request, *callback_args, **callback_kwargs)
  File "/usr/local/lib/python3.5/site-packages/django/views/decorators/csrf.py", line 58, in wrapped_view
    return view_func(*args, **kwargs)
  File "./api/views.py", line 502, in github
    sha, signature = signature.split('=')
AttributeError: 'NoneType' object has no attribute 'split'
SIGINT/SIGQUIT received...killing workers...
worker 1 buried after 1 seconds
goodbye to uWSGI.
*** Starting uWSGI 2.0.18 (64bit) on [Tue May 28 12:11:42 2019] ***
compiled with version: 4.8.5 20150623 (Red Hat 4.8.5-36) on 17 May 2019 13:32:26
os: Linux-3.10.0-957.5.1.el7.x86_64 #1 SMP Fri Feb 1 14:54:57 UTC 2019
nodename: iZ8vb2dqkcw1ozsgpx8piaZ
machine: x86_64
clock source: unix
pcre jit disabled
detected number of CPU cores: 1
current working directory: /home/django_blog
writing pidfile to /home/django_blog/uwsgi.pid
detected binary path: /usr/local/bin/uwsgi
uWSGI running as root, you can use --uid/--gid/--chroot options
*** WARNING: you are running uWSGI as root !!! (use the --uid flag) *** 
chdir() to /home/django_blog/
your processes number limit is 3882
your memory page size is 4096 bytes
detected max file descriptor number: 65535
lock engine: pthread robust mutexes
thunder lock: disabled (you can enable it with --thunder-lock)
uwsgi socket 0 bound to TCP address 127.0.0.1:8000 fd 3
uWSGI running as root, you can use --uid/--gid/--chroot options
*** WARNING: you are running uWSGI as root !!! (use the --uid flag) *** 
Python version: 3.5.1 (default, May 17 2019, 16:15:46)  [GCC 4.8.5 20150623 (Red Hat 4.8.5-36)]
*** Python threads support is disabled. You can enable it with --enable-threads ***
Python main interpreter initialized at 0xade570
uWSGI running as root, you can use --uid/--gid/--chroot options
*** WARNING: you are running uWSGI as root !!! (use the --uid flag) *** 
your server socket listen backlog is limited to 100 connections
your mercy for graceful operations on workers is 60 seconds
mapped 145840 bytes (142 KB) for 1 cores
*** Operational MODE: single process ***
WSGI app 0 (mountpoint='') ready in 0 seconds on interpreter 0xade570 pid: 5781 (default app)
mountpoint  already configured. skip.
uWSGI running as root, you can use --uid/--gid/--chroot options
*** WARNING: you are running uWSGI as root !!! (use the --uid flag) *** 
*** uWSGI is running in multiple interpreter mode ***
spawned uWSGI master process (pid: 5781)
spawned uWSGI worker 1 (pid: 5783, cores: 1)
{'REQUEST_SCHEME': 'http', 'SERVER_NAME': '39.98.220.73', 'wsgi.errors': <_io.TextIOWrapper name=2 mode='w' encoding='UTF-8'>, 'SERVER_PROTOCOL': 'HTTP/1.1', 'HTTP_CONTENT_TYPE': 'application/json', 'REMOTE_PORT': '30008', 'REQUEST_METHOD': 'POST', 'HTTP_ACCEPT': '*/*', 'PATH_INFO': '/github/', 'QUERY_STRING': '', 'HTTP_X_HUB_SIGNATURE': 'sha1=501998f13658436aa8d6eab2e96db0b1fdcd4d0b', 'CONTENT_TYPE': 'application/json', 'wsgi.url_scheme': 'http', 'HTTP_HOST': '39.98.220.73', 'SERVER_PORT': '80', 'wsgi.run_once': False, 'SCRIPT_NAME': '', 'HTTP_X_GITHUB_EVENT': 'push', 'wsgi.multiprocess': False, 'wsgi.input': <uwsgi._Input object at 0x7f1313ee3480>, 'wsgi.file_wrapper': <built-in function uwsgi_sendfile>, 'wsgi.version': (1, 0), 'REQUEST_URI': '/github/', 'HTTP_USER_AGENT': 'GitHub-Hookshot/4e8a459', 'DOCUMENT_ROOT': '/usr/local/nginx/html', 'CONTENT_LENGTH': '7318', 'wsgi.multithread': False, 'uwsgi.version': b'2.0.18', 'HTTP_X_GITHUB_DELIVERY': 'c9af662e-80fe-11e9-9abe-fe33db36845f', 'REMOTE_ADDR': '140.82.115.71', 'HTTP_CONTENT_LENGTH': '7318', 'uwsgi.node': b'iZ8vb2dqkcw1ozsgpx8piaZ'}
Internal Server Error: /github/
Traceback (most recent call last):
  File "/usr/local/lib/python3.5/site-packages/django/core/handlers/exception.py", line 42, in inner
    response = get_response(request)
  File "/usr/local/lib/python3.5/site-packages/django/core/handlers/base.py", line 187, in _get_response
    response = self.process_exception_by_middleware(e, request)
  File "/usr/local/lib/python3.5/site-packages/django/core/handlers/base.py", line 185, in _get_response
    response = wrapped_callback(request, *callback_args, **callback_kwargs)
  File "/usr/local/lib/python3.5/site-packages/django/views/decorators/csrf.py", line 58, in wrapped_view
    return view_func(*args, **kwargs)
  File "./api/views.py", line 503, in github
    sha, signature = signature.split('=')
AttributeError: 'NoneType' object has no attribute 'split'
SIGINT/SIGQUIT received...killing workers...
worker 1 buried after 1 seconds
goodbye to uWSGI.
*** Starting uWSGI 2.0.18 (64bit) on [Tue May 28 12:14:07 2019] ***
compiled with version: 4.8.5 20150623 (Red Hat 4.8.5-36) on 17 May 2019 13:32:26
os: Linux-3.10.0-957.5.1.el7.x86_64 #1 SMP Fri Feb 1 14:54:57 UTC 2019
nodename: iZ8vb2dqkcw1ozsgpx8piaZ
machine: x86_64
clock source: unix
pcre jit disabled
detected number of CPU cores: 1
current working directory: /home/django_blog
writing pidfile to /home/django_blog/uwsgi.pid
detected binary path: /usr/local/bin/uwsgi
uWSGI running as root, you can use --uid/--gid/--chroot options
*** WARNING: you are running uWSGI as root !!! (use the --uid flag) *** 
chdir() to /home/django_blog/
your processes number limit is 3882
your memory page size is 4096 bytes
detected max file descriptor number: 65535
lock engine: pthread robust mutexes
thunder lock: disabled (you can enable it with --thunder-lock)
uwsgi socket 0 bound to TCP address 127.0.0.1:8000 fd 3
uWSGI running as root, you can use --uid/--gid/--chroot options
*** WARNING: you are running uWSGI as root !!! (use the --uid flag) *** 
Python version: 3.5.1 (default, May 17 2019, 16:15:46)  [GCC 4.8.5 20150623 (Red Hat 4.8.5-36)]
*** Python threads support is disabled. You can enable it with --enable-threads ***
Python main interpreter initialized at 0x105f570
uWSGI running as root, you can use --uid/--gid/--chroot options
*** WARNING: you are running uWSGI as root !!! (use the --uid flag) *** 
your server socket listen backlog is limited to 100 connections
your mercy for graceful operations on workers is 60 seconds
mapped 145840 bytes (142 KB) for 1 cores
*** Operational MODE: single process ***
WSGI app 0 (mountpoint='') ready in 0 seconds on interpreter 0x105f570 pid: 5801 (default app)
mountpoint  already configured. skip.
uWSGI running as root, you can use --uid/--gid/--chroot options
*** WARNING: you are running uWSGI as root !!! (use the --uid flag) *** 
*** uWSGI is running in multiple interpreter mode ***
spawned uWSGI master process (pid: 5801)
spawned uWSGI worker 1 (pid: 5803, cores: 1)
SIGINT/SIGQUIT received...killing workers...
worker 1 buried after 1 seconds
goodbye to uWSGI.
*** Starting uWSGI 2.0.18 (64bit) on [Tue May 28 12:14:29 2019] ***
compiled with version: 4.8.5 20150623 (Red Hat 4.8.5-36) on 17 May 2019 13:32:26
os: Linux-3.10.0-957.5.1.el7.x86_64 #1 SMP Fri Feb 1 14:54:57 UTC 2019
nodename: iZ8vb2dqkcw1ozsgpx8piaZ
machine: x86_64
clock source: unix
pcre jit disabled
detected number of CPU cores: 1
current working directory: /home/django_blog
writing pidfile to /home/django_blog/uwsgi.pid
detected binary path: /usr/local/bin/uwsgi
uWSGI running as root, you can use --uid/--gid/--chroot options
*** WARNING: you are running uWSGI as root !!! (use the --uid flag) *** 
chdir() to /home/django_blog/
your processes number limit is 3882
your memory page size is 4096 bytes
detected max file descriptor number: 65535
lock engine: pthread robust mutexes
thunder lock: disabled (you can enable it with --thunder-lock)
uwsgi socket 0 bound to TCP address 127.0.0.1:8000 fd 3
uWSGI running as root, you can use --uid/--gid/--chroot options
*** WARNING: you are running uWSGI as root !!! (use the --uid flag) *** 
Python version: 3.5.1 (default, May 17 2019, 16:15:46)  [GCC 4.8.5 20150623 (Red Hat 4.8.5-36)]
*** Python threads support is disabled. You can enable it with --enable-threads ***
Python main interpreter initialized at 0x2892570
uWSGI running as root, you can use --uid/--gid/--chroot options
*** WARNING: you are running uWSGI as root !!! (use the --uid flag) *** 
your server socket listen backlog is limited to 100 connections
your mercy for graceful operations on workers is 60 seconds
mapped 145840 bytes (142 KB) for 1 cores
*** Operational MODE: single process ***
WSGI app 0 (mountpoint='') ready in 1 seconds on interpreter 0x2892570 pid: 5818 (default app)
mountpoint  already configured. skip.
uWSGI running as root, you can use --uid/--gid/--chroot options
*** WARNING: you are running uWSGI as root !!! (use the --uid flag) *** 
*** uWSGI is running in multiple interpreter mode ***
spawned uWSGI master process (pid: 5818)
spawned uWSGI worker 1 (pid: 5820, cores: 1)
{'HTTP_CONTENT_TYPE': 'application/json', 'REQUEST_METHOD': 'POST', 'HTTP_ACCEPT': '*/*', 'SERVER_PORT': '80', 'SCRIPT_NAME': '', 'REMOTE_ADDR': '140.82.115.1', 'HTTP_CONTENT_LENGTH': '7318', 'HTTP_USER_AGENT': 'GitHub-Hookshot/4e8a459', 'wsgi.multiprocess': False, 'wsgi.errors': <_io.TextIOWrapper name=2 mode='w' encoding='UTF-8'>, 'CONTENT_LENGTH': '7318', 'wsgi.version': (1, 0), 'SERVER_NAME': '39.98.220.73', 'wsgi.file_wrapper': <built-in function uwsgi_sendfile>, 'uwsgi.node': b'iZ8vb2dqkcw1ozsgpx8piaZ', 'HTTP_HOST': '39.98.220.73', 'uwsgi.version': b'2.0.18', 'wsgi.multithread': False, 'wsgi.run_once': False, 'HTTP_X_GITHUB_EVENT': 'push', 'SERVER_PROTOCOL': 'HTTP/1.1', 'HTTP_X_HUB_SIGNATURE': 'sha1=c7e63138f0c939f5e3ef9af1b3213a2ff5479594', 'PATH_INFO': '/github/', 'wsgi.url_scheme': 'http', 'CONTENT_TYPE': 'application/json', 'REQUEST_URI': '/github/', 'REQUEST_SCHEME': 'http', 'HTTP_X_GITHUB_DELIVERY': '33e35b9a-80ff-11e9-94fe-a943cdfb2d83', 'QUERY_STRING': '', 'REMOTE_PORT': '17500', 'wsgi.input': <uwsgi._Input object at 0x7f40cd4df108>, 'DOCUMENT_ROOT': '/usr/local/nginx/html'}
SIGINT/SIGQUIT received...killing workers...
worker 1 buried after 1 seconds
goodbye to uWSGI.
